2013/03/31 17:58:17 [error] [exception.CHttpException.404] exception 'CHttpException' with message 'Unable to resolve the request "gii".' in D:\www\yii\framework\web\CWebApplication.php:286
Stack trace:
#0 D:\www\yii\framework\web\CWebApplication.php(141): CWebApplication->runController('gii')
#1 D:\www\yii\framework\base\CApplication.php(169): CWebApplication->processRequest()
#2 D:\www\research_v2\index.php(13): CApplication->run()
#3 {main}
REQUEST_URI=/research_v2/index.php?r=gii
---
2013/03/31 17:59:49 [error] [exception.CDbException] exception 'CDbException' with message 'CDbConnection failed to open the DB connection: SQLSTATE[28000] [1045] Access denied for user 'root'@'localhost' (using password: NO)' in D:\www\yii\framework\db\CDbConnection.php:381
Stack trace:
#0 D:\www\yii\framework\db\CDbConnection.php(330): CDbConnection->open()
#1 D:\www\yii\framework\db\CDbConnection.php(308): CDbConnection->setActive(true)
#2 D:\www\yii\framework\base\CModule.php(387): CDbConnection->init()
#3 D:\www\yii\framework\base\CModule.php(103): CModule->getComponent('db')
#4 D:\www\yii\framework\gii\generators\model\ModelCode.php(57): CModule->__get('db')
#5 D:\www\yii\framework\web\CFormModel.php(39): ModelCode->init()
#6 D:\www\yii\framework\gii\CCodeGenerator.php(153): CFormModel->__construct()
#7 D:\www\yii\framework\gii\CCodeGenerator.php(63): CCodeGenerator->prepare()
#8 D:\www\yii\framework\web\actions\CInlineAction.php(49): CCodeGenerator->actionIndex()
#9 D:\www\yii\framework\web\CController.php(308): CInlineAction->runWithParams(Array)
#10 D:\www\yii\framework\web\CController.php(286): CController->runAction(Object(CInlineAction))
#11 D:\www\yii\framework\web\CController.php(265): CController->runActionWithFilters(Object(CInlineAction), Array)
#12 D:\www\yii\framework\web\CWebApplication.php(282): CController->run('')
#13 D:\www\yii\framework\web\CWebApplication.php(141): CWebApplication->runController('gii/model')
#14 D:\www\yii\framework\base\CApplication.php(169): CWebApplication->processRequest()
#15 D:\www\research_v2\index.php(13): CApplication->run()
#16 {main}
REQUEST_URI=/research_v2/index.php?r=gii/model
HTTP_REFERER=http://localhost/research_v2/index.php?r=gii/default/index
---
2013/04/05 17:25:25 [error] [exception.CException] exception 'CException' with message 'CActiveForm and its behaviors do not have a method or closure named "dropdown".' in D:\www\yii\framework\base\CComponent.php:265
Stack trace:
#0 D:\www\research_v2\protected\views\research\_form.php(32): CComponent->__call('dropdown', Array)
#1 D:\www\research_v2\protected\views\research\_form.php(32): CActiveForm->dropdown(Object(Research), 'research_group_...', Array)
#2 D:\www\yii\framework\web\CBaseController.php(126): require('D:\www\research...')
#3 D:\www\yii\framework\web\CBaseController.php(95): CBaseController->renderInternal('D:\www\research...', Array, true)
#4 D:\www\yii\framework\web\CController.php(869): CBaseController->renderFile('D:\www\research...', Array, true)
#5 D:\www\research_v2\protected\views\research\create.php(18): CController->renderPartial('_form', Array)
#6 D:\www\yii\framework\web\CBaseController.php(126): require('D:\www\research...')
#7 D:\www\yii\framework\web\CBaseController.php(95): CBaseController->renderInternal('D:\www\research...', Array, true)
#8 D:\www\yii\framework\web\CController.php(869): CBaseController->renderFile('D:\www\research...', Array, true)
#9 D:\www\yii\framework\web\CController.php(782): CController->renderPartial('create', Array, true)
#10 D:\www\research_v2\protected\controllers\ResearchController.php(80): CController->render('create', Array)
#11 D:\www\yii\framework\web\actions\CInlineAction.php(49): ResearchController->actionCreate()
#12 D:\www\yii\framework\web\CController.php(308): CInlineAction->runWithParams(Array)
#13 D:\www\yii\framework\web\filters\CFilterChain.php(133): CController->runAction(Object(CInlineAction))
#14 D:\www\yii\framework\web\filters\CFilter.php(40): CFilterChain->run()
#15 D:\www\yii\framework\web\CController.php(1145): CFilter->filter(Object(CFilterChain))
#16 D:\www\yii\framework\web\filters\CInlineFilter.php(58): CController->filterAccessControl(Object(CFilterChain))
#17 D:\www\yii\framework\web\filters\CFilterChain.php(130): CInlineFilter->filter(Object(CFilterChain))
#18 D:\www\yii\framework\web\CController.php(291): CFilterChain->run()
#19 D:\www\yii\framework\web\CController.php(265): CController->runActionWithFilters(Object(CInlineAction), Array)
#20 D:\www\yii\framework\web\CWebApplication.php(282): CController->run('create')
#21 D:\www\yii\framework\web\CWebApplication.php(141): CWebApplication->runController('research/create')
#22 D:\www\yii\framework\base\CApplication.php(169): CWebApplication->processRequest()
#23 D:\www\research_v2\index.php(13): CApplication->run()
#24 {main}
REQUEST_URI=/research_v2/index.php?r=research/create
---
2013/04/05 17:34:46 [error] [exception.CException] exception 'CException' with message 'CActiveForm and its behaviors do not have a method or closure named "dropdown".' in D:\www\yii\framework\base\CComponent.php:265
Stack trace:
#0 D:\www\research_v2\protected\views\research\_form.php(32): CComponent->__call('dropdown', Array)
#1 D:\www\research_v2\protected\views\research\_form.php(32): CActiveForm->dropdown(Object(Research), 'research_group_...', Array)
#2 D:\www\yii\framework\web\CBaseController.php(126): require('D:\www\research...')
#3 D:\www\yii\framework\web\CBaseController.php(95): CBaseController->renderInternal('D:\www\research...', Array, true)
#4 D:\www\yii\framework\web\CController.php(869): CBaseController->renderFile('D:\www\research...', Array, true)
#5 D:\www\research_v2\protected\views\research\create.php(21): CController->renderPartial('_form', Array)
#6 D:\www\yii\framework\web\CBaseController.php(126): require('D:\www\research...')
#7 D:\www\yii\framework\web\CBaseController.php(95): CBaseController->renderInternal('D:\www\research...', Array, true)
#8 D:\www\yii\framework\web\CController.php(869): CBaseController->renderFile('D:\www\research...', Array, true)
#9 D:\www\yii\framework\web\CController.php(782): CController->renderPartial('create', Array, true)
#10 D:\www\research_v2\protected\controllers\ResearchController.php(81): CController->render('create', Array)
#11 D:\www\yii\framework\web\actions\CInlineAction.php(49): ResearchController->actionCreate()
#12 D:\www\yii\framework\web\CController.php(308): CInlineAction->runWithParams(Array)
#13 D:\www\yii\framework\web\filters\CFilterChain.php(133): CController->runAction(Object(CInlineAction))
#14 D:\www\yii\framework\web\filters\CFilter.php(40): CFilterChain->run()
#15 D:\www\yii\framework\web\CController.php(1145): CFilter->filter(Object(CFilterChain))
#16 D:\www\yii\framework\web\filters\CInlineFilter.php(58): CController->filterAccessControl(Object(CFilterChain))
#17 D:\www\yii\framework\web\filters\CFilterChain.php(130): CInlineFilter->filter(Object(CFilterChain))
#18 D:\www\yii\framework\web\CController.php(291): CFilterChain->run()
#19 D:\www\yii\framework\web\CController.php(265): CController->runActionWithFilters(Object(CInlineAction), Array)
#20 D:\www\yii\framework\web\CWebApplication.php(282): CController->run('create')
#21 D:\www\yii\framework\web\CWebApplication.php(141): CWebApplication->runController('research/create')
#22 D:\www\yii\framework\base\CApplication.php(169): CWebApplication->processRequest()
#23 D:\www\research_v2\index.php(13): CApplication->run()
#24 {main}
REQUEST_URI=/research_v2/index.php?r=research/create
HTTP_REFERER=http://localhost/research_v2/
---
2013/04/05 17:37:12 [error] [php] Object of class ResearchGroup could not be converted to string (D:\www\yii\framework\web\helpers\CHtml.php:2071)
Stack trace:
#0 D:\www\research_v2\protected\views\research\_form.php(32): CActiveForm->dropDownList()
#1 D:\www\yii\framework\web\CBaseController.php(126): require()
#2 D:\www\yii\framework\web\CBaseController.php(95): ResearchController->renderInternal()
#3 D:\www\yii\framework\web\CController.php(869): ResearchController->renderFile()
#4 D:\www\research_v2\protected\views\research\create.php(21): ResearchController->renderPartial()
#5 D:\www\yii\framework\web\CBaseController.php(126): require()
#6 D:\www\yii\framework\web\CBaseController.php(95): ResearchController->renderInternal()
#7 D:\www\yii\framework\web\CController.php(869): ResearchController->renderFile()
#8 D:\www\yii\framework\web\CController.php(782): ResearchController->renderPartial()
#9 D:\www\research_v2\protected\controllers\ResearchController.php(81): ResearchController->render()
#10 D:\www\yii\framework\web\actions\CInlineAction.php(49): ResearchController->actionCreate()
#11 D:\www\yii\framework\web\CController.php(308): CInlineAction->runWithParams()
#12 D:\www\yii\framework\web\filters\CFilterChain.php(133): ResearchController->runAction()
#13 D:\www\yii\framework\web\filters\CFilter.php(40): CFilterChain->run()
#14 D:\www\yii\framework\web\CController.php(1145): CAccessControlFilter->filter()
#15 D:\www\yii\framework\web\filters\CInlineFilter.php(58): ResearchController->filterAccessControl()
#16 D:\www\yii\framework\web\filters\CFilterChain.php(130): CInlineFilter->filter()
#17 D:\www\yii\framework\web\CController.php(291): CFilterChain->run()
#18 D:\www\yii\framework\web\CController.php(265): ResearchController->runActionWithFilters()
#19 D:\www\yii\framework\web\CWebApplication.php(282): ResearchController->run()
#20 D:\www\yii\framework\web\CWebApplication.php(141): CWebApplication->runController()
#21 D:\www\yii\framework\base\CApplication.php(169): CWebApplication->processRequest()
#22 D:\www\research_v2\index.php(13): CWebApplication->run()
REQUEST_URI=/research_v2/index.php?r=research/create
in D:\www\research_v2\protected\views\research\_form.php (32)
in D:\www\research_v2\protected\views\research\create.php (21)
in D:\www\research_v2\protected\controllers\ResearchController.php (81)
2013/04/05 17:48:54 [error] [exception.CException] exception 'CException' with message 'Property "Research.findAllResearchGroup" is not defined.' in D:\www\yii\framework\base\CComponent.php:130
Stack trace:
#0 D:\www\yii\framework\db\ar\CActiveRecord.php(143): CComponent->__get('findAllResearch...')
#1 D:\www\research_v2\protected\views\research\_form.php(32): CActiveRecord->__get('findAllResearch...')
#2 D:\www\yii\framework\web\CBaseController.php(126): require('D:\www\research...')
#3 D:\www\yii\framework\web\CBaseController.php(95): CBaseController->renderInternal('D:\www\research...', Array, true)
#4 D:\www\yii\framework\web\CController.php(869): CBaseController->renderFile('D:\www\research...', Array, true)
#5 D:\www\research_v2\protected\views\research\create.php(21): CController->renderPartial('_form', Array)
#6 D:\www\yii\framework\web\CBaseController.php(126): require('D:\www\research...')
#7 D:\www\yii\framework\web\CBaseController.php(95): CBaseController->renderInternal('D:\www\research...', Array, true)
#8 D:\www\yii\framework\web\CController.php(869): CBaseController->renderFile('D:\www\research...', Array, true)
#9 D:\www\yii\framework\web\CController.php(782): CController->renderPartial('create', Array, true)
#10 D:\www\research_v2\protected\controllers\ResearchController.php(81): CController->render('create', Array)
#11 D:\www\yii\framework\web\actions\CInlineAction.php(49): ResearchController->actionCreate()
#12 D:\www\yii\framework\web\CController.php(308): CInlineAction->runWithParams(Array)
#13 D:\www\yii\framework\web\filters\CFilterChain.php(133): CController->runAction(Object(CInlineAction))
#14 D:\www\yii\framework\web\filters\CFilter.php(40): CFilterChain->run()
#15 D:\www\yii\framework\web\CController.php(1145): CFilter->filter(Object(CFilterChain))
#16 D:\www\yii\framework\web\filters\CInlineFilter.php(58): CController->filterAccessControl(Object(CFilterChain))
#17 D:\www\yii\framework\web\filters\CFilterChain.php(130): CInlineFilter->filter(Object(CFilterChain))
#18 D:\www\yii\framework\web\CController.php(291): CFilterChain->run()
#19 D:\www\yii\framework\web\CController.php(265): CController->runActionWithFilters(Object(CInlineAction), Array)
#20 D:\www\yii\framework\web\CWebApplication.php(282): CController->run('create')
#21 D:\www\yii\framework\web\CWebApplication.php(141): CWebApplication->runController('research/create')
#22 D:\www\yii\framework\base\CApplication.php(169): CWebApplication->processRequest()
#23 D:\www\research_v2\index.php(13): CApplication->run()
#24 {main}
REQUEST_URI=/research_v2/index.php?r=research/create
---
2013/04/05 18:42:51 [warning] [application] Failed to set unsafe attribute "file" of "ResearchFile".
in D:\www\research_v2\protected\controllers\ResearchController.php (80)
in D:\www\research_v2\index.php (13)
2013/04/05 18:44:13 [warning] [application] Failed to set unsafe attribute "file" of "ResearchFile".
in D:\www\research_v2\protected\controllers\ResearchController.php (80)
in D:\www\research_v2\index.php (13)
2013/04/05 18:50:25 [warning] [application] Failed to set unsafe attribute "file" of "ResearchFile".
in D:\www\research_v2\protected\controllers\ResearchController.php (80)
in D:\www\research_v2\index.php (13)
2013/04/05 18:50:58 [warning] [application] Failed to set unsafe attribute "file" of "ResearchFile".
in D:\www\research_v2\protected\controllers\ResearchController.php (80)
in D:\www\research_v2\index.php (13)
2013/04/05 18:51:37 [warning] [application] Failed to set unsafe attribute "file" of "ResearchFile".
in D:\www\research_v2\protected\controllers\ResearchController.php (80)
in D:\www\research_v2\index.php (13)
2013/04/05 18:56:37 [warning] [application] Failed to set unsafe attribute "file" of "ResearchFile".
in D:\www\research_v2\protected\controllers\ResearchController.php (80)
in D:\www\research_v2\index.php (13)
2013/04/05 18:59:15 [warning] [application] Failed to set unsafe attribute "file" of "ResearchFile".
in D:\www\research_v2\protected\controllers\ResearchController.php (80)
in D:\www\research_v2\index.php (13)
2013/04/05 18:59:17 [warning] [application] Failed to set unsafe attribute "file" of "ResearchFile".
in D:\www\research_v2\protected\controllers\ResearchController.php (80)
in D:\www\research_v2\index.php (13)
2013/04/05 18:59:27 [warning] [application] Failed to set unsafe attribute "file" of "ResearchFile".
in D:\www\research_v2\protected\controllers\ResearchController.php (80)
in D:\www\research_v2\index.php (13)
2013/04/05 19:02:14 [warning] [application] Failed to set unsafe attribute "file" of "ResearchFile".
in D:\www\research_v2\protected\controllers\ResearchController.php (80)
in D:\www\research_v2\index.php (13)
2013/04/05 19:02:45 [warning] [application] Failed to set unsafe attribute "file" of "ResearchFile".
in D:\www\research_v2\protected\controllers\ResearchController.php (80)
in D:\www\research_v2\index.php (13)
2013/04/05 19:22:48 [warning] [application] Failed to set unsafe attribute "file" of "ResearchFile".
in D:\www\research_v2\protected\controllers\ResearchController.php (80)
in D:\www\research_v2\index.php (13)
2013/04/05 19:22:48 [error] [php] Undefined variable: file (D:\www\research_v2\protected\controllers\ResearchController.php:85)
Stack trace:
#0 D:\www\yii\framework\web\filters\CFilterChain.php(133): ResearchController->runAction()
#1 D:\www\yii\framework\web\filters\CFilter.php(40): CFilterChain->run()
#2 D:\www\yii\framework\web\CController.php(1145): CAccessControlFilter->filter()
#3 D:\www\yii\framework\web\filters\CInlineFilter.php(58): ResearchController->filterAccessControl()
#4 D:\www\yii\framework\web\filters\CFilterChain.php(130): CInlineFilter->filter()
#5 D:\www\yii\framework\web\CController.php(291): CFilterChain->run()
#6 D:\www\yii\framework\web\CController.php(265): ResearchController->runActionWithFilters()
#7 D:\www\yii\framework\web\CWebApplication.php(282): ResearchController->run()
#8 D:\www\yii\framework\web\CWebApplication.php(141): CWebApplication->runController()
#9 D:\www\yii\framework\base\CApplication.php(169): CWebApplication->processRequest()
#10 D:\www\research_v2\index.php(13): CWebApplication->run()
REQUEST_URI=/research_v2/index.php?r=research/create
in D:\www\research_v2\protected\controllers\ResearchController.php (85)
in D:\www\research_v2\index.php (13)
2013/04/05 19:23:09 [warning] [application] Failed to set unsafe attribute "file" of "ResearchFile".
in D:\www\research_v2\protected\controllers\ResearchController.php (80)
in D:\www\research_v2\index.php (13)
2013/04/05 19:23:20 [warning] [application] Failed to set unsafe attribute "file" of "ResearchFile".
in D:\www\research_v2\protected\controllers\ResearchController.php (80)
in D:\www\research_v2\index.php (13)
2013/04/05 19:23:20 [error] [system.db.CDbCommand] CDbCommand::execute() failed: SQLSTATE[23000]: Integrity constraint violation: 1452 Cannot add or update a child row: a foreign key constraint fails (`research_system_v1`.`research`, CONSTRAINT `fk_research_user1` FOREIGN KEY (`user_id`) REFERENCES `user` (`id`) ON DELETE NO ACTION ON UPDATE NO ACTION). The SQL statement executed was: INSERT INTO `research` (`title`, `description`, `research_group_id`, `user_id`) VALUES (:yp0, :yp1, :yp2, :yp3).
in D:\www\research_v2\protected\controllers\ResearchController.php (86)
in D:\www\research_v2\index.php (13)
2013/04/05 19:23:20 [error] [exception.CDbException] exception 'CDbException' with message 'CDbCommand failed to execute the SQL statement: SQLSTATE[23000]: Integrity constraint violation: 1452 Cannot add or update a child row: a foreign key constraint fails (`research_system_v1`.`research`, CONSTRAINT `fk_research_user1` FOREIGN KEY (`user_id`) REFERENCES `user` (`id`) ON DELETE NO ACTION ON UPDATE NO ACTION). The SQL statement executed was: INSERT INTO `research` (`title`, `description`, `research_group_id`, `user_id`) VALUES (:yp0, :yp1, :yp2, :yp3)' in D:\www\yii\framework\db\CDbCommand.php:357
Stack trace:
#0 D:\www\yii\framework\db\ar\CActiveRecord.php(1023): CDbCommand->execute()
#1 D:\www\yii\framework\db\ar\CActiveRecord.php(795): CActiveRecord->insert(NULL)
#2 D:\www\research_v2\protected\controllers\ResearchController.php(86): CActiveRecord->save(false)
#3 D:\www\yii\framework\web\actions\CInlineAction.php(49): ResearchController->actionCreate()
#4 D:\www\yii\framework\web\CController.php(308): CInlineAction->runWithParams(Array)
#5 D:\www\yii\framework\web\filters\CFilterChain.php(133): CController->runAction(Object(CInlineAction))
#6 D:\www\yii\framework\web\filters\CFilter.php(40): CFilterChain->run()
#7 D:\www\yii\framework\web\CController.php(1145): CFilter->filter(Object(CFilterChain))
#8 D:\www\yii\framework\web\filters\CInlineFilter.php(58): CController->filterAccessControl(Object(CFilterChain))
#9 D:\www\yii\framework\web\filters\CFilterChain.php(130): CInlineFilter->filter(Object(CFilterChain))
#10 D:\www\yii\framework\web\CController.php(291): CFilterChain->run()
#11 D:\www\yii\framework\web\CController.php(265): CController->runActionWithFilters(Object(CInlineAction), Array)
#12 D:\www\yii\framework\web\CWebApplication.php(282): CController->run('create')
#13 D:\www\yii\framework\web\CWebApplication.php(141): CWebApplication->runController('research/create')
#14 D:\www\yii\framework\base\CApplication.php(169): CWebApplication->processRequest()
#15 D:\www\research_v2\index.php(13): CApplication->run()
#16 {main}
REQUEST_URI=/research_v2/index.php?r=research/create
HTTP_REFERER=http://localhost/research_v2/index.php?r=research/create
---
2013/04/05 19:26:17 [warning] [application] Failed to set unsafe attribute "file" of "ResearchFile".
in D:\www\research_v2\protected\controllers\ResearchController.php (80)
in D:\www\research_v2\index.php (13)
2013/04/05 19:26:17 [error] [system.db.CDbCommand] CDbCommand::execute() failed: SQLSTATE[23000]: Integrity constraint violation: 1452 Cannot add or update a child row: a foreign key constraint fails (`research_system_v1`.`research`, CONSTRAINT `fk_research_user1` FOREIGN KEY (`user_id`) REFERENCES `user` (`id`) ON DELETE NO ACTION ON UPDATE NO ACTION). The SQL statement executed was: INSERT INTO `research` (`title`, `description`, `research_group_id`, `user_id`, `create_date`) VALUES (:yp0, :yp1, :yp2, :yp3, :yp4).
in D:\www\research_v2\protected\controllers\ResearchController.php (87)
in D:\www\research_v2\index.php (13)
2013/04/05 19:26:17 [error] [exception.CDbException] exception 'CDbException' with message 'CDbCommand failed to execute the SQL statement: SQLSTATE[23000]: Integrity constraint violation: 1452 Cannot add or update a child row: a foreign key constraint fails (`research_system_v1`.`research`, CONSTRAINT `fk_research_user1` FOREIGN KEY (`user_id`) REFERENCES `user` (`id`) ON DELETE NO ACTION ON UPDATE NO ACTION). The SQL statement executed was: INSERT INTO `research` (`title`, `description`, `research_group_id`, `user_id`, `create_date`) VALUES (:yp0, :yp1, :yp2, :yp3, :yp4)' in D:\www\yii\framework\db\CDbCommand.php:357
Stack trace:
#0 D:\www\yii\framework\db\ar\CActiveRecord.php(1023): CDbCommand->execute()
#1 D:\www\yii\framework\db\ar\CActiveRecord.php(795): CActiveRecord->insert(NULL)
#2 D:\www\research_v2\protected\controllers\ResearchController.php(87): CActiveRecord->save(false)
#3 D:\www\yii\framework\web\actions\CInlineAction.php(49): ResearchController->actionCreate()
#4 D:\www\yii\framework\web\CController.php(308): CInlineAction->runWithParams(Array)
#5 D:\www\yii\framework\web\filters\CFilterChain.php(133): CController->runAction(Object(CInlineAction))
#6 D:\www\yii\framework\web\filters\CFilter.php(40): CFilterChain->run()
#7 D:\www\yii\framework\web\CController.php(1145): CFilter->filter(Object(CFilterChain))
#8 D:\www\yii\framework\web\filters\CInlineFilter.php(58): CController->filterAccessControl(Object(CFilterChain))
#9 D:\www\yii\framework\web\filters\CFilterChain.php(130): CInlineFilter->filter(Object(CFilterChain))
#10 D:\www\yii\framework\web\CController.php(291): CFilterChain->run()
#11 D:\www\yii\framework\web\CController.php(265): CController->runActionWithFilters(Object(CInlineAction), Array)
#12 D:\www\yii\framework\web\CWebApplication.php(282): CController->run('create')
#13 D:\www\yii\framework\web\CWebApplication.php(141): CWebApplication->runController('research/create')
#14 D:\www\yii\framework\base\CApplication.php(169): CWebApplication->processRequest()
#15 D:\www\research_v2\index.php(13): CApplication->run()
#16 {main}
REQUEST_URI=/research_v2/index.php?r=research/create
HTTP_REFERER=http://localhost/research_v2/index.php?r=research/create
---
2013/04/05 19:32:06 [warning] [application] Failed to set unsafe attribute "file" of "ResearchFile".
in D:\www\research_v2\protected\controllers\ResearchController.php (80)
in D:\www\research_v2\index.php (13)
2013/04/05 19:32:06 [error] [system.db.CDbCommand] CDbCommand::execute() failed: SQLSTATE[23000]: Integrity constraint violation: 1452 Cannot add or update a child row: a foreign key constraint fails (`research_system_v1`.`research`, CONSTRAINT `fk_research_user1` FOREIGN KEY (`user_id`) REFERENCES `user` (`id`) ON DELETE NO ACTION ON UPDATE NO ACTION). The SQL statement executed was: INSERT INTO `research` (`title`, `description`, `research_group_id`, `user_id`, `create_date`) VALUES (:yp0, :yp1, :yp2, :yp3, :yp4).
in D:\www\research_v2\protected\controllers\ResearchController.php (87)
in D:\www\research_v2\index.php (13)
2013/04/05 19:32:06 [error] [exception.CDbException] exception 'CDbException' with message 'CDbCommand failed to execute the SQL statement: SQLSTATE[23000]: Integrity constraint violation: 1452 Cannot add or update a child row: a foreign key constraint fails (`research_system_v1`.`research`, CONSTRAINT `fk_research_user1` FOREIGN KEY (`user_id`) REFERENCES `user` (`id`) ON DELETE NO ACTION ON UPDATE NO ACTION). The SQL statement executed was: INSERT INTO `research` (`title`, `description`, `research_group_id`, `user_id`, `create_date`) VALUES (:yp0, :yp1, :yp2, :yp3, :yp4)' in D:\www\yii\framework\db\CDbCommand.php:357
Stack trace:
#0 D:\www\yii\framework\db\ar\CActiveRecord.php(1023): CDbCommand->execute()
#1 D:\www\yii\framework\db\ar\CActiveRecord.php(795): CActiveRecord->insert(NULL)
#2 D:\www\research_v2\protected\controllers\ResearchController.php(87): CActiveRecord->save(false)
#3 D:\www\yii\framework\web\actions\CInlineAction.php(49): ResearchController->actionCreate()
#4 D:\www\yii\framework\web\CController.php(308): CInlineAction->runWithParams(Array)
#5 D:\www\yii\framework\web\filters\CFilterChain.php(133): CController->runAction(Object(CInlineAction))
#6 D:\www\yii\framework\web\filters\CFilter.php(40): CFilterChain->run()
#7 D:\www\yii\framework\web\CController.php(1145): CFilter->filter(Object(CFilterChain))
#8 D:\www\yii\framework\web\filters\CInlineFilter.php(58): CController->filterAccessControl(Object(CFilterChain))
#9 D:\www\yii\framework\web\filters\CFilterChain.php(130): CInlineFilter->filter(Object(CFilterChain))
#10 D:\www\yii\framework\web\CController.php(291): CFilterChain->run()
#11 D:\www\yii\framework\web\CController.php(265): CController->runActionWithFilters(Object(CInlineAction), Array)
#12 D:\www\yii\framework\web\CWebApplication.php(282): CController->run('create')
#13 D:\www\yii\framework\web\CWebApplication.php(141): CWebApplication->runController('research/create')
#14 D:\www\yii\framework\base\CApplication.php(169): CWebApplication->processRequest()
#15 D:\www\research_v2\index.php(13): CApplication->run()
#16 {main}
REQUEST_URI=/research_v2/index.php?r=research/create
HTTP_REFERER=http://localhost/research_v2/index.php?r=research/create
---
2013/04/05 19:35:37 [warning] [application] Failed to set unsafe attribute "file" of "ResearchFile".
in D:\www\research_v2\protected\controllers\ResearchController.php (80)
in D:\www\research_v2\index.php (13)
