2013/03/31 17:58:17 [error] [exception.CHttpException.404] exception 'CHttpException' with message 'Unable to resolve the request "gii".' in D:\www\yii\framework\web\CWebApplication.php:286
Stack trace:
#0 D:\www\yii\framework\web\CWebApplication.php(141): CWebApplication->runController('gii')
#1 D:\www\yii\framework\base\CApplication.php(169): CWebApplication->processRequest()
#2 D:\www\research_v2\index.php(13): CApplication->run()
#3 {main}
REQUEST_URI=/research_v2/index.php?r=gii
---
2013/03/31 17:59:49 [error] [exception.CDbException] exception 'CDbException' with message 'CDbConnection failed to open the DB connection: SQLSTATE[28000] [1045] Access denied for user 'root'@'localhost' (using password: NO)' in D:\www\yii\framework\db\CDbConnection.php:381
Stack trace:
#0 D:\www\yii\framework\db\CDbConnection.php(330): CDbConnection->open()
#1 D:\www\yii\framework\db\CDbConnection.php(308): CDbConnection->setActive(true)
#2 D:\www\yii\framework\base\CModule.php(387): CDbConnection->init()
#3 D:\www\yii\framework\base\CModule.php(103): CModule->getComponent('db')
#4 D:\www\yii\framework\gii\generators\model\ModelCode.php(57): CModule->__get('db')
#5 D:\www\yii\framework\web\CFormModel.php(39): ModelCode->init()
#6 D:\www\yii\framework\gii\CCodeGenerator.php(153): CFormModel->__construct()
#7 D:\www\yii\framework\gii\CCodeGenerator.php(63): CCodeGenerator->prepare()
#8 D:\www\yii\framework\web\actions\CInlineAction.php(49): CCodeGenerator->actionIndex()
#9 D:\www\yii\framework\web\CController.php(308): CInlineAction->runWithParams(Array)
#10 D:\www\yii\framework\web\CController.php(286): CController->runAction(Object(CInlineAction))
#11 D:\www\yii\framework\web\CController.php(265): CController->runActionWithFilters(Object(CInlineAction), Array)
#12 D:\www\yii\framework\web\CWebApplication.php(282): CController->run('')
#13 D:\www\yii\framework\web\CWebApplication.php(141): CWebApplication->runController('gii/model')
#14 D:\www\yii\framework\base\CApplication.php(169): CWebApplication->processRequest()
#15 D:\www\research_v2\index.php(13): CApplication->run()
#16 {main}
REQUEST_URI=/research_v2/index.php?r=gii/model
HTTP_REFERER=http://localhost/research_v2/index.php?r=gii/default/index
---
